[INFO] Scanning for projects...
[INFO]                                                                         
[INFO] ------------------------------------------------------------------------
[INFO] Building testL63 0.0.1-SNAPSHOT
[INFO] ------------------------------------------------------------------------
[INFO] 
[INFO] --- maven-clean-plugin:2.5:clean (default-clean) @ testL63 ---
[INFO] 
[INFO] --- maven-resources-plugin:2.6:resources (default-resources) @ testL63 ---
[INFO] Using 'UTF-8' encoding to copy filtered resources.
[INFO] skip non existing resourceDirectory /home/jan_gerling/astor/test02/lang_63/src/main/resources
[INFO] 
[INFO] --- maven-compiler-plugin:3.2:compile (default-compile) @ testL63 ---
[INFO] Changes detected - recompiling the module!
[INFO] Compiling 77 source files to /home/jan_gerling/astor/test02/lang_63/target/classes
[ERROR] /home/jan_gerling/astor/test02/lang_63/src/main/java/org/apache/commons/lang/Entities.java:[63,29] unmappable character for encoding UTF-8
[ERROR] /home/jan_gerling/astor/test02/lang_63/src/main/java/org/apache/commons/lang/Entities.java:[68,28] unmappable character for encoding UTF-8
[ERROR] /home/jan_gerling/astor/test02/lang_63/src/main/java/org/apache/commons/lang/Entities.java:[86,31] unmappable character for encoding UTF-8
[ERROR] /home/jan_gerling/astor/test02/lang_63/src/main/java/org/apache/commons/lang/Entities.java:[87,31] unmappable character for encoding UTF-8
[ERROR] /home/jan_gerling/astor/test02/lang_63/src/main/java/org/apache/commons/lang/Entities.java:[88,30] unmappable character for encoding UTF-8
[ERROR] /home/jan_gerling/astor/test02/lang_63/src/main/java/org/apache/commons/lang/Entities.java:[89,31] unmappable character for encoding UTF-8
[ERROR] /home/jan_gerling/astor/test02/lang_63/src/main/java/org/apache/commons/lang/Entities.java:[90,29] unmappable character for encoding UTF-8
[ERROR] /home/jan_gerling/astor/test02/lang_63/src/main/java/org/apache/commons/lang/Entities.java:[91,30] unmappable character for encoding UTF-8
[ERROR] /home/jan_gerling/astor/test02/lang_63/src/main/java/org/apache/commons/lang/Entities.java:[92,30] unmappable character for encoding UTF-8
[ERROR] /home/jan_gerling/astor/test02/lang_63/src/main/java/org/apache/commons/lang/Entities.java:[93,31] unmappable character for encoding UTF-8
[ERROR] /home/jan_gerling/astor/test02/lang_63/src/main/java/org/apache/commons/lang/Entities.java:[94,31] unmappable character for encoding UTF-8
[ERROR] /home/jan_gerling/astor/test02/lang_63/src/main/java/org/apache/commons/lang/Entities.java:[95,31] unmappable character for encoding UTF-8
[ERROR] /home/jan_gerling/astor/test02/lang_63/src/main/java/org/apache/commons/lang/Entities.java:[96,30] unmappable character for encoding UTF-8
[ERROR] /home/jan_gerling/astor/test02/lang_63/src/main/java/org/apache/commons/lang/Entities.java:[97,29] unmappable character for encoding UTF-8
[ERROR] /home/jan_gerling/astor/test02/lang_63/src/main/java/org/apache/commons/lang/Entities.java:[98,31] unmappable character for encoding UTF-8
[ERROR] /home/jan_gerling/astor/test02/lang_63/src/main/java/org/apache/commons/lang/Entities.java:[99,31] unmappable character for encoding UTF-8
[ERROR] /home/jan_gerling/astor/test02/lang_63/src/main/java/org/apache/commons/lang/Entities.java:[100,30] unmappable character for encoding UTF-8
[ERROR] /home/jan_gerling/astor/test02/lang_63/src/main/java/org/apache/commons/lang/Entities.java:[101,29] unmappable character for encoding UTF-8
[ERROR] /home/jan_gerling/astor/test02/lang_63/src/main/java/org/apache/commons/lang/Entities.java:[102,28] unmappable character for encoding UTF-8
[ERROR] /home/jan_gerling/astor/test02/lang_63/src/main/java/org/apache/commons/lang/Entities.java:[103,31] unmappable character for encoding UTF-8
[ERROR] /home/jan_gerling/astor/test02/lang_63/src/main/java/org/apache/commons/lang/Entities.java:[104,31] unmappable character for encoding UTF-8
[ERROR] /home/jan_gerling/astor/test02/lang_63/src/main/java/org/apache/commons/lang/Entities.java:[105,31] unmappable character for encoding UTF-8
[ERROR] /home/jan_gerling/astor/test02/lang_63/src/main/java/org/apache/commons/lang/Entities.java:[106,30] unmappable character for encoding UTF-8
[ERROR] /home/jan_gerling/astor/test02/lang_63/src/main/java/org/apache/commons/lang/Entities.java:[107,31] unmappable character for encoding UTF-8
[ERROR] /home/jan_gerling/astor/test02/lang_63/src/main/java/org/apache/commons/lang/Entities.java:[108,29] unmappable character for encoding UTF-8
[ERROR] /home/jan_gerling/astor/test02/lang_63/src/main/java/org/apache/commons/lang/Entities.java:[110,31] unmappable character for encoding UTF-8
[ERROR] /home/jan_gerling/astor/test02/lang_63/src/main/java/org/apache/commons/lang/Entities.java:[111,31] unmappable character for encoding UTF-8
[ERROR] /home/jan_gerling/astor/test02/lang_63/src/main/java/org/apache/commons/lang/Entities.java:[112,31] unmappable character for encoding UTF-8
[ERROR] /home/jan_gerling/astor/test02/lang_63/src/main/java/org/apache/commons/lang/Entities.java:[113,30] unmappable character for encoding UTF-8
[ERROR] /home/jan_gerling/astor/test02/lang_63/src/main/java/org/apache/commons/lang/Entities.java:[114,29] unmappable character for encoding UTF-8
[ERROR] /home/jan_gerling/astor/test02/lang_63/src/main/java/org/apache/commons/lang/Entities.java:[115,31] unmappable character for encoding UTF-8
[ERROR] /home/jan_gerling/astor/test02/lang_63/src/main/java/org/apache/commons/lang/Entities.java:[116,30] unmappable character for encoding UTF-8
[ERROR] /home/jan_gerling/astor/test02/lang_63/src/main/java/org/apache/commons/lang/Entities.java:[117,30] unmappable character for encoding UTF-8
[ERROR] /home/jan_gerling/astor/test02/lang_63/src/main/java/org/apache/commons/lang/Entities.java:[118,31] unmappable character for encoding UTF-8
[ERROR] /home/jan_gerling/astor/test02/lang_63/src/main/java/org/apache/commons/lang/Entities.java:[119,31] unmappable character for encoding UTF-8
[ERROR] /home/jan_gerling/astor/test02/lang_63/src/main/java/org/apache/commons/lang/Entities.java:[120,30] unmappable character for encoding UTF-8
[ERROR] /home/jan_gerling/astor/test02/lang_63/src/main/java/org/apache/commons/lang/Entities.java:[121,31] unmappable character for encoding UTF-8
[ERROR] /home/jan_gerling/astor/test02/lang_63/src/main/java/org/apache/commons/lang/Entities.java:[122,29] unmappable character for encoding UTF-8
[ERROR] /home/jan_gerling/astor/test02/lang_63/src/main/java/org/apache/commons/lang/Entities.java:[123,30] unmappable character for encoding UTF-8
[ERROR] /home/jan_gerling/astor/test02/lang_63/src/main/java/org/apache/commons/lang/Entities.java:[124,30] unmappable character for encoding UTF-8
[ERROR] /home/jan_gerling/astor/test02/lang_63/src/main/java/org/apache/commons/lang/Entities.java:[125,31] unmappable character for encoding UTF-8
[ERROR] /home/jan_gerling/astor/test02/lang_63/src/main/java/org/apache/commons/lang/Entities.java:[126,31] unmappable character for encoding UTF-8
[ERROR] /home/jan_gerling/astor/test02/lang_63/src/main/java/org/apache/commons/lang/Entities.java:[127,31] unmappable character for encoding UTF-8
[ERROR] /home/jan_gerling/astor/test02/lang_63/src/main/java/org/apache/commons/lang/Entities.java:[128,30] unmappable character for encoding UTF-8
[ERROR] /home/jan_gerling/astor/test02/lang_63/src/main/java/org/apache/commons/lang/Entities.java:[129,29] unmappable character for encoding UTF-8
[ERROR] /home/jan_gerling/astor/test02/lang_63/src/main/java/org/apache/commons/lang/Entities.java:[130,31] unmappable character for encoding UTF-8
[ERROR] /home/jan_gerling/astor/test02/lang_63/src/main/java/org/apache/commons/lang/Entities.java:[131,31] unmappable character for encoding UTF-8
[ERROR] /home/jan_gerling/astor/test02/lang_63/src/main/java/org/apache/commons/lang/Entities.java:[132,30] unmappable character for encoding UTF-8
[ERROR] /home/jan_gerling/astor/test02/lang_63/src/main/java/org/apache/commons/lang/Entities.java:[133,29] unmappable character for encoding UTF-8
[ERROR] /home/jan_gerling/astor/test02/lang_63/src/main/java/org/apache/commons/lang/Entities.java:[134,28] unmappable character for encoding UTF-8
[ERROR] /home/jan_gerling/astor/test02/lang_63/src/main/java/org/apache/commons/lang/Entities.java:[135,31] unmappable character for encoding UTF-8
[ERROR] /home/jan_gerling/astor/test02/lang_63/src/main/java/org/apache/commons/lang/Entities.java:[136,31] unmappable character for encoding UTF-8
[ERROR] /home/jan_gerling/astor/test02/lang_63/src/main/java/org/apache/commons/lang/Entities.java:[137,31] unmappable character for encoding UTF-8
[ERROR] /home/jan_gerling/astor/test02/lang_63/src/main/java/org/apache/commons/lang/Entities.java:[138,30] unmappable character for encoding UTF-8
[ERROR] /home/jan_gerling/astor/test02/lang_63/src/main/java/org/apache/commons/lang/Entities.java:[139,31] unmappable character for encoding UTF-8
[ERROR] /home/jan_gerling/astor/test02/lang_63/src/main/java/org/apache/commons/lang/Entities.java:[140,29] unmappable character for encoding UTF-8
[ERROR] /home/jan_gerling/astor/test02/lang_63/src/main/java/org/apache/commons/lang/Entities.java:[142,31] unmappable character for encoding UTF-8
[ERROR] /home/jan_gerling/astor/test02/lang_63/src/main/java/org/apache/commons/lang/Entities.java:[143,31] unmappable character for encoding UTF-8
[ERROR] /home/jan_gerling/astor/test02/lang_63/src/main/java/org/apache/commons/lang/Entities.java:[144,31] unmappable character for encoding UTF-8
[ERROR] /home/jan_gerling/astor/test02/lang_63/src/main/java/org/apache/commons/lang/Entities.java:[145,30] unmappable character for encoding UTF-8
[ERROR] /home/jan_gerling/astor/test02/lang_63/src/main/java/org/apache/commons/lang/Entities.java:[146,29] unmappable character for encoding UTF-8
[ERROR] /home/jan_gerling/astor/test02/lang_63/src/main/java/org/apache/commons/lang/Entities.java:[147,31] unmappable character for encoding UTF-8
[ERROR] /home/jan_gerling/astor/test02/lang_63/src/main/java/org/apache/commons/lang/Entities.java:[148,30] unmappable character for encoding UTF-8
[ERROR] /home/jan_gerling/astor/test02/lang_63/src/main/java/org/apache/commons/lang/Entities.java:[149,29] unmappable character for encoding UTF-8
[INFO] 
[INFO] --- maven-resources-plugin:2.6:resources (default-resources) @ testL63 ---
[INFO] Using 'UTF-8' encoding to copy filtered resources.
[INFO] skip non existing resourceDirectory /home/jan_gerling/astor/test02/lang_63/src/main/resources
[INFO] 
[INFO] --- maven-compiler-plugin:3.2:compile (default-compile) @ testL63 ---
[INFO] Nothing to compile - all classes are up to date
[INFO] 
[INFO] --- maven-resources-plugin:2.6:testResources (default-testResources) @ testL63 ---
[INFO] Using 'UTF-8' encoding to copy filtered resources.
[INFO] skip non existing resourceDirectory /home/jan_gerling/astor/test02/lang_63/src/test/resources
[INFO] 
[INFO] --- maven-compiler-plugin:3.2:testCompile (default-testCompile) @ testL63 ---
[INFO] Changes detected - recompiling the module!
[INFO] Compiling 130 source files to /home/jan_gerling/astor/test02/lang_63/target/test-classes
[INFO] 
[INFO] --- maven-surefire-plugin:2.17:test (default-test) @ testL63 ---
Downloading: https://repo.maven.apache.org/maven2/org/apache/maven/surefire/maven-surefire-common/2.17/maven-surefire-common-2.17.pom
3/6 KB   5/6 KB   6/6 KB            Downloaded: https://repo.maven.apache.org/maven2/org/apache/maven/surefire/maven-surefire-common/2.17/maven-surefire-common-2.17.pom (6 KB at 14.8 KB/sec)
Downloading: https://repo.maven.apache.org/maven2/org/apache/maven/surefire/surefire-api/2.17/surefire-api-2.17.pom
3/3 KB   3/3 KB            Downloaded: https://repo.maven.apache.org/maven2/org/apache/maven/surefire/surefire-api/2.17/surefire-api-2.17.pom (3 KB at 63.9 KB/sec)
Downloading: https://repo.maven.apache.org/maven2/org/apache/maven/surefire/surefire-booter/2.17/surefire-booter-2.17.pom
3/3 KB   3/3 KB            Downloaded: https://repo.maven.apache.org/maven2/org/apache/maven/surefire/surefire-booter/2.17/surefire-booter-2.17.pom (3 KB at 76.8 KB/sec)
Downloading: https://repo.maven.apache.org/maven2/org/apache/maven/surefire/maven-surefire-common/2.17/maven-surefire-common-2.17.jar
Downloading: https://repo.maven.apache.org/maven2/org/apache/maven/surefire/surefire-booter/2.17/surefire-booter-2.17.jar
Downloading: https://repo.maven.apache.org/maven2/org/apache/maven/surefire/surefire-api/2.17/surefire-api-2.17.jar
3/260 KB   5/260 KB   8/260 KB   11/260 KB   13/260 KB   16/260 KB   19/260 KB   21/260 KB   24/260 KB   27/260 KB   29/260 KB   32/260 KB   36/260 KB   40/260 KB   44/260 KB   48/260 KB   52/260 KB   56/260 KB   60/260 KB   64/260 KB   68/260 KB   72/260 KB   76/260 KB   80/260 KB   80/260 KB   3/144 KB   80/260 KB   5/144 KB   80/260 KB   8/144 KB   80/260 KB   11/144 KB   80/260 KB   13/144 KB   84/260 KB   13/144 KB   88/260 KB   13/144 KB   92/260 KB   13/144 KB   96/260 KB   13/144 KB   3/39 KB   96/260 KB   13/144 KB   5/39 KB   96/260 KB   13/144 KB   5/39 KB   100/260 KB   13/144 KB   5/39 KB   104/260 KB   13/144 KB   5/39 KB   108/260 KB   13/144 KB   8/39 KB   108/260 KB   13/144 KB   8/39 KB   112/260 KB   13/144 KB   11/39 KB   112/260 KB   13/144 KB   13/39 KB   112/260 KB   13/144 KB   13/39 KB   116/260 KB   13/144 KB   13/39 KB   120/260 KB   13/144 KB   13/39 KB   124/260 KB   13/144 KB   13/39 KB   128/260 KB   13/144 KB   13/39 KB   132/260 KB   13/144 KB   13/39 KB   136/260 KB   13/144 KB   13/39 KB   140/260 KB   13/144 KB   13/39 KB   144/260 KB   13/144 KB   13/39 KB   148/260 KB   13/144 KB   13/39 KB   152/260 KB   13/144 KB   13/39 KB   156/260 KB   13/144 KB   13/39 KB   160/260 KB   13/144 KB   13/39 KB   164/260 KB   13/144 KB   13/39 KB   168/260 KB   13/144 KB   13/39 KB   172/260 KB   13/144 KB   13/39 KB   176/260 KB   13/144 KB   13/39 KB   176/260 KB   16/144 KB   13/39 KB   176/260 KB   19/144 KB   13/39 KB   180/260 KB   19/144 KB   13/39 KB   184/260 KB   21/144 KB   13/39 KB   184/260 KB   21/144 KB   13/39 KB   188/260 KB   21/144 KB   13/39 KB   192/260 KB   21/144 KB   13/39 KB   192/260 KB   24/144 KB   13/39 KB   192/260 KB   27/144 KB   13/39 KB   192/260 KB   29/144 KB   13/39 KB   192/260 KB   32/144 KB   16/39 KB   192/260 KB   32/144 KB   16/39 KB   196/260 KB   32/144 KB   19/39 KB   196/260 KB   32/144 KB   19/39 KB   200/260 KB   32/144 KB   19/39 KB   204/260 KB   32/144 KB   21/39 KB   204/260 KB   32/144 KB   21/39 KB   208/260 KB   32/144 KB   24/39 KB   208/260 KB   32/144 KB   27/39 KB   208/260 KB   32/144 KB   29/39 KB   208/260 KB   32/144 KB   32/39 KB   208/260 KB   32/144 KB   32/39 KB   212/260 KB   32/144 KB   35/39 KB   212/260 KB   32/144 KB   35/39 KB   216/260 KB   32/144 KB   35/39 KB   220/260 KB   32/144 KB   37/39 KB   220/260 KB   32/144 KB   37/39 KB   224/260 KB   32/144 KB   39/39 KB   224/260 KB   32/144 KB   39/39 KB   228/260 KB   32/144 KB   39/39 KB   232/260 KB   32/144 KB   39/39 KB   236/260 KB   32/144 KB   39/39 KB   240/260 KB   32/144 KB   39/39 KB   244/260 KB   32/144 KB   39/39 KB   248/260 KB   32/144 KB   39/39 KB   252/260 KB   32/144 KB   39/39 KB   256/260 KB   32/144 KB   39/39 KB   260/260 KB   32/144 KB   39/39 KB   260/260 KB   36/144 KB   39/39 KB   260/260 KB   40/144 KB   39/39 KB   260/260 KB   44/144 KB   39/39 KB   260/260 KB   48/144 KB   39/39 KB   260/260 KB   52/144 KB   39/39 KB   260/260 KB   56/144 KB   39/39 KB   260/260 KB   60/144 KB   39/39 KB   260/260 KB   64/144 KB   39/39 KB   260/260 KB   68/144 KB   39/39 KB   260/260 KB   72/144 KB   39/39 KB   260/260 KB   76/144 KB   39/39 KB   260/260 KB   80/144 KB                                       260/260 KB   84/144 KB              Downloaded: https://repo.maven.apache.org/maven2/org/apache/maven/surefire/surefire-booter/2.17/surefire-booter-2.17.jar (39 KB at 394.4 KB/sec)
260/260 KB   88/144 KB   260/260 KB   92/144 KB   260/260 KB   96/144 KB   260/260 KB   100/144 KB   260/260 KB   104/144 KB   260/260 KB   108/144 KB   260/260 KB   112/144 KB   260/260 KB   116/144 KB   260/260 KB   120/144 KB   260/260 KB   124/144 KB   260/260 KB   128/144 KB                             Downloaded: https://repo.maven.apache.org/maven2/org/apache/maven/surefire/maven-surefire-common/2.17/maven-surefire-common-2.17.jar (260 KB at 2540.9 KB/sec)
132/144 KB                136/144 KB   140/144 KB   144/144 KB   144/144 KB                Downloaded: https://repo.maven.apache.org/maven2/org/apache/maven/surefire/surefire-api/2.17/surefire-api-2.17.jar (144 KB at 1188.9 KB/sec)
[INFO] Surefire report directory: /home/jan_gerling/astor/test02/lang_63/target/surefire-reports
Downloading: https://repo.maven.apache.org/maven2/org/apache/maven/surefire/surefire-junit3/2.17/surefire-junit3-2.17.pom
2/2 KB                Downloaded: https://repo.maven.apache.org/maven2/org/apache/maven/surefire/surefire-junit3/2.17/surefire-junit3-2.17.pom (2 KB at 46.3 KB/sec)
Downloading: https://repo.maven.apache.org/maven2/org/apache/maven/surefire/surefire-providers/2.17/surefire-providers-2.17.pom
3/3 KB   3/3 KB            Downloaded: https://repo.maven.apache.org/maven2/org/apache/maven/surefire/surefire-providers/2.17/surefire-providers-2.17.pom (3 KB at 68.3 KB/sec)
Downloading: https://repo.maven.apache.org/maven2/org/apache/maven/surefire/surefire-junit3/2.17/surefire-junit3-2.17.jar
3/25 KB   5/25 KB   8/25 KB   11/25 KB   13/25 KB   16/25 KB   19/25 KB   21/25 KB   24/25 KB   25/25 KB              Downloaded: https://repo.maven.apache.org/maven2/org/apache/maven/surefire/surefire-junit3/2.17/surefire-junit3-2.17.jar (25 KB at 733.1 KB/sec)

-------------------------------------------------------
 T E S T S
-------------------------------------------------------
Running org.apache.commons.lang.ArrayUtilsRemoveTest
Tests run: 18, Failures: 0, Errors: 0, Skipped: 0, Time elapsed: 0.007 sec - in org.apache.commons.lang.ArrayUtilsRemoveTest
Running org.apache.commons.lang.SerializationUtilsTest
Tests run: 23, Failures: 0, Errors: 0, Skipped: 0, Time elapsed: 0.104 sec - in org.apache.commons.lang.SerializationUtilsTest
Running org.apache.commons.lang.ClassUtilsTest
Tests run: 27, Failures: 0, Errors: 0, Skipped: 0, Time elapsed: 0.015 sec - in org.apache.commons.lang.ClassUtilsTest
Running org.apache.commons.lang.NullArgumentExceptionTest
Tests run: 3, Failures: 0, Errors: 0, Skipped: 0, Time elapsed: 0 sec - in org.apache.commons.lang.NullArgumentExceptionTest
Running org.apache.commons.lang.SystemUtilsTest
Can't test IS_JAVA value
Tests run: 16, Failures: 0, Errors: 0, Skipped: 0, Time elapsed: 0.003 sec - in org.apache.commons.lang.SystemUtilsTest
Running org.apache.commons.lang.StringUtilsSubstringTest
Tests run: 14, Failures: 0, Errors: 0, Skipped: 0, Time elapsed: 0.004 sec - in org.apache.commons.lang.StringUtilsSubstringTest
Running org.apache.commons.lang.StringUtilsEqualsIndexOfTest
Tests run: 24, Failures: 0, Errors: 0, Skipped: 0, Time elapsed: 0.004 sec - in org.apache.commons.lang.StringUtilsEqualsIndexOfTest
Running org.apache.commons.lang.StringUtilsTrimEmptyTest
Tests run: 15, Failures: 0, Errors: 0, Skipped: 0, Time elapsed: 0.009 sec - in org.apache.commons.lang.StringUtilsTrimEmptyTest
Running org.apache.commons.lang.CharSetUtilsTest
Tests run: 12, Failures: 0, Errors: 0, Skipped: 0, Time elapsed: 0.006 sec - in org.apache.commons.lang.CharSetUtilsTest
Running org.apache.commons.lang.CharSetTest
Tests run: 13, Failures: 0, Errors: 0, Skipped: 0, Time elapsed: 0.008 sec - in org.apache.commons.lang.CharSetTest
Running org.apache.commons.lang.exception.NestableRuntimeExceptionTestCase
Tests run: 12, Failures: 0, Errors: 0, Skipped: 0, Time elapsed: 0.023 sec - in org.apache.commons.lang.exception.NestableRuntimeExceptionTestCase
Running org.apache.commons.lang.exception.ExceptionUtilsTestCase
Tests run: 35, Failures: 0, Errors: 0, Skipped: 0, Time elapsed: 0.031 sec - in org.apache.commons.lang.exception.ExceptionUtilsTestCase
Running org.apache.commons.lang.exception.NestableDelegateTestCase
Tests run: 10, Failures: 0, Errors: 0, Skipped: 0, Time elapsed: 0.011 sec - in org.apache.commons.lang.exception.NestableDelegateTestCase
Running org.apache.commons.lang.exception.NestableErrorTestCase
Tests run: 11, Failures: 0, Errors: 0, Skipped: 0, Time elapsed: 0.008 sec - in org.apache.commons.lang.exception.NestableErrorTestCase
Running org.apache.commons.lang.exception.NestableExceptionTestCase
Tests run: 13, Failures: 0, Errors: 0, Skipped: 0, Time elapsed: 0.017 sec - in org.apache.commons.lang.exception.NestableExceptionTestCase
Running org.apache.commons.lang.text.StrLookupTest
Tests run: 4, Failures: 0, Errors: 0, Skipped: 0, Time elapsed: 0.002 sec - in org.apache.commons.lang.text.StrLookupTest
Running org.apache.commons.lang.text.CompositeFormatTest
Tests run: 2, Failures: 0, Errors: 0, Skipped: 0, Time elapsed: 0.023 sec - in org.apache.commons.lang.text.CompositeFormatTest
Running org.apache.commons.lang.text.StrMatcherTest
Tests run: 14, Failures: 0, Errors: 0, Skipped: 0, Time elapsed: 0.006 sec - in org.apache.commons.lang.text.StrMatcherTest
Running org.apache.commons.lang.text.StrTokenizerTest
Tests run: 55, Failures: 0, Errors: 0, Skipped: 0, Time elapsed: 0.018 sec - in org.apache.commons.lang.text.StrTokenizerTest
Running org.apache.commons.lang.text.StrBuilderTest
Tests run: 71, Failures: 0, Errors: 0, Skipped: 0, Time elapsed: 0.002 sec - in org.apache.commons.lang.text.StrBuilderTest
Running org.apache.commons.lang.text.StrBuilderAppendInsertTest
Tests run: 24, Failures: 0, Errors: 0, Skipped: 0, Time elapsed: 0 sec - in org.apache.commons.lang.text.StrBuilderAppendInsertTest
Running org.apache.commons.lang.text.StrSubstitutorTest
Tests run: 32, Failures: 0, Errors: 0, Skipped: 0, Time elapsed: 0.001 sec - in org.apache.commons.lang.text.StrSubstitutorTest
Running org.apache.commons.lang.mutable.MutableDoubleTest
Tests run: 15, Failures: 0, Errors: 0, Skipped: 0, Time elapsed: 0.001 sec - in org.apache.commons.lang.mutable.MutableDoubleTest
Running org.apache.commons.lang.mutable.MutableLongTest
Tests run: 14, Failures: 0, Errors: 0, Skipped: 0, Time elapsed: 0 sec - in org.apache.commons.lang.mutable.MutableLongTest
Running org.apache.commons.lang.mutable.MutableIntTest
Tests run: 14, Failures: 0, Errors: 0, Skipped: 0, Time elapsed: 0 sec - in org.apache.commons.lang.mutable.MutableIntTest
Running org.apache.commons.lang.mutable.MutableBooleanTest
Tests run: 6, Failures: 0, Errors: 0, Skipped: 0, Time elapsed: 0 sec - in org.apache.commons.lang.mutable.MutableBooleanTest
Running org.apache.commons.lang.mutable.MutableFloatTest
Tests run: 15, Failures: 0, Errors: 0, Skipped: 0, Time elapsed: 0 sec - in org.apache.commons.lang.mutable.MutableFloatTest
Running org.apache.commons.lang.mutable.MutableByteTest
Tests run: 14, Failures: 0, Errors: 0, Skipped: 0, Time elapsed: 0 sec - in org.apache.commons.lang.mutable.MutableByteTest
Running org.apache.commons.lang.mutable.MutableObjectTest
Tests run: 5, Failures: 0, Errors: 0, Skipped: 0, Time elapsed: 0 sec - in org.apache.commons.lang.mutable.MutableObjectTest
Running org.apache.commons.lang.mutable.MutableShortTest
Tests run: 14, Failures: 0, Errors: 0, Skipped: 0, Time elapsed: 0 sec - in org.apache.commons.lang.mutable.MutableShortTest
Running org.apache.commons.lang.BitFieldTest
Tests run: 15, Failures: 0, Errors: 0, Skipped: 0, Time elapsed: 0 sec - in org.apache.commons.lang.BitFieldTest
Running org.apache.commons.lang.StringEscapeUtilsTest
Tests run: 12, Failures: 0, Errors: 0, Skipped: 0, Time elapsed: 0.468 sec - in org.apache.commons.lang.StringEscapeUtilsTest
Running org.apache.commons.lang.RandomStringUtilsTest
Tests run: 9, Failures: 0, Errors: 0, Skipped: 0, Time elapsed: 0.01 sec - in org.apache.commons.lang.RandomStringUtilsTest
Running org.apache.commons.lang.ValidateTest
Tests run: 21, Failures: 0, Errors: 0, Skipped: 0, Time elapsed: 0.002 sec - in org.apache.commons.lang.ValidateTest
Running org.apache.commons.lang.math.RandomUtilsTest
Tests run: 13, Failures: 0, Errors: 0, Skipped: 0, Time elapsed: 0.006 sec - in org.apache.commons.lang.math.RandomUtilsTest
Running org.apache.commons.lang.math.LongRangeTest
Tests run: 17, Failures: 0, Errors: 0, Skipped: 0, Time elapsed: 0.004 sec - in org.apache.commons.lang.math.LongRangeTest
Running org.apache.commons.lang.math.NumberRangeTest
Tests run: 17, Failures: 0, Errors: 0, Skipped: 0, Time elapsed: 0.002 sec - in org.apache.commons.lang.math.NumberRangeTest
Running org.apache.commons.lang.math.RangeTest
Tests run: 3, Failures: 0, Errors: 0, Skipped: 0, Time elapsed: 0 sec - in org.apache.commons.lang.math.RangeTest
Running org.apache.commons.lang.math.DoubleRangeTest
Tests run: 16, Failures: 0, Errors: 0, Skipped: 0, Time elapsed: 0.002 sec - in org.apache.commons.lang.math.DoubleRangeTest
Running org.apache.commons.lang.math.FractionTest
Tests run: 25, Failures: 0, Errors: 0, Skipped: 0, Time elapsed: 0.069 sec - in org.apache.commons.lang.math.FractionTest
Running org.apache.commons.lang.math.IntRangeTest
Tests run: 17, Failures: 0, Errors: 0, Skipped: 0, Time elapsed: 0.001 sec - in org.apache.commons.lang.math.IntRangeTest
Running org.apache.commons.lang.math.NumberUtilsTest
Tests run: 45, Failures: 0, Errors: 0, Skipped: 0, Time elapsed: 0.008 sec - in org.apache.commons.lang.math.NumberUtilsTest
Running org.apache.commons.lang.math.FloatRangeTest
Tests run: 16, Failures: 0, Errors: 0, Skipped: 0, Time elapsed: 0.003 sec - in org.apache.commons.lang.math.FloatRangeTest
Running org.apache.commons.lang.ObjectUtilsTest
Tests run: 9, Failures: 0, Errors: 0, Skipped: 0, Time elapsed: 0 sec - in org.apache.commons.lang.ObjectUtilsTest
Running org.apache.commons.lang.UnhandledExceptionTest
Tests run: 4, Failures: 0, Errors: 0, Skipped: 0, Time elapsed: 0.001 sec - in org.apache.commons.lang.UnhandledExceptionTest
Running org.apache.commons.lang.CharUtilsPerfTest
Tests run: 0, Failures: 0, Errors: 0, Skipped: 0, Time elapsed: 0 sec - in org.apache.commons.lang.CharUtilsPerfTest
Running org.apache.commons.lang.ArrayUtilsTest
Tests run: 120, Failures: 0, Errors: 0, Skipped: 0, Time elapsed: 0.012 sec - in org.apache.commons.lang.ArrayUtilsTest
Running org.apache.commons.lang.time.DateUtilsTest
Tests run: 22, Failures: 0, Errors: 0, Skipped: 0, Time elapsed: 0.09 sec - in org.apache.commons.lang.time.DateUtilsTest
Running org.apache.commons.lang.time.StopWatchTest
Tests run: 5, Failures: 0, Errors: 0, Skipped: 0, Time elapsed: 4.354 sec - in org.apache.commons.lang.time.StopWatchTest
Running org.apache.commons.lang.time.FastDateFormatTest
Tests run: 10, Failures: 0, Errors: 0, Skipped: 0, Time elapsed: 0.011 sec - in org.apache.commons.lang.time.FastDateFormatTest
Running org.apache.commons.lang.time.DateFormatUtilsTest
Tests run: 8, Failures: 0, Errors: 0, Skipped: 0, Time elapsed: 0.003 sec - in org.apache.commons.lang.time.DateFormatUtilsTest
Running org.apache.commons.lang.time.DurationFormatUtilsTest
Tests run: 11, Failures: 1, Errors: 0, Skipped: 0, Time elapsed: 0.007 sec <<< FAILURE! - in org.apache.commons.lang.time.DurationFormatUtilsTest
testJiraLang281(org.apache.commons.lang.time.DurationFormatUtilsTest)  Time elapsed: 0.003 sec  <<< FAILURE!
junit.framework.ComparisonFailure: expected:<09> but was:<-2>
	at junit.framework.Assert.assertEquals(Assert.java:81)
	at junit.framework.Assert.assertEquals(Assert.java:87)
	at org.apache.commons.lang.time.DurationFormatUtilsTest.testJiraLang281(DurationFormatUtilsTest.java:435)

Running org.apache.commons.lang.NumberRangeTest
Tests run: 17, Failures: 0, Errors: 0, Skipped: 0, Time elapsed: 0.002 sec - in org.apache.commons.lang.NumberRangeTest
Running org.apache.commons.lang.enums.EnumEqualsTest
Tests run: 4, Failures: 0, Errors: 0, Skipped: 0, Time elapsed: 0.017 sec - in org.apache.commons.lang.enums.EnumEqualsTest
Running org.apache.commons.lang.enums.EnumUtilsTest
Tests run: 11, Failures: 0, Errors: 0, Skipped: 0, Time elapsed: 0.001 sec - in org.apache.commons.lang.enums.EnumUtilsTest
Running org.apache.commons.lang.enums.ValuedEnumTest
Tests run: 19, Failures: 0, Errors: 0, Skipped: 0, Time elapsed: 0.042 sec - in org.apache.commons.lang.enums.ValuedEnumTest
Running org.apache.commons.lang.enums.EnumTest
Tests run: 41, Failures: 0, Errors: 0, Skipped: 0, Time elapsed: 0.02 sec - in org.apache.commons.lang.enums.EnumTest
Running org.apache.commons.lang.IntHashMapTest
Tests run: 8, Failures: 0, Errors: 0, Skipped: 0, Time elapsed: 0 sec - in org.apache.commons.lang.IntHashMapTest
Running org.apache.commons.lang.IllegalClassExceptionTest
Tests run: 13, Failures: 0, Errors: 0, Skipped: 0, Time elapsed: 0.001 sec - in org.apache.commons.lang.IllegalClassExceptionTest
Running org.apache.commons.lang.StringUtilsIsTest
Tests run: 8, Failures: 0, Errors: 0, Skipped: 0, Time elapsed: 0.002 sec - in org.apache.commons.lang.StringUtilsIsTest
Running org.apache.commons.lang.BooleanUtilsTest
Tests run: 42, Failures: 0, Errors: 0, Skipped: 0, Time elapsed: 0.003 sec - in org.apache.commons.lang.BooleanUtilsTest
Running org.apache.commons.lang.EntitiesPerformanceTest
Tests run: 22, Failures: 0, Errors: 0, Skipped: 0, Time elapsed: 4.289 sec - in org.apache.commons.lang.EntitiesPerformanceTest
Running org.apache.commons.lang.CharRangeTest
Tests run: 19, Failures: 0, Errors: 0, Skipped: 0, Time elapsed: 0.002 sec - in org.apache.commons.lang.CharRangeTest
Running org.apache.commons.lang.EntitiesTest
Tests run: 12, Failures: 0, Errors: 0, Skipped: 0, Time elapsed: 0.001 sec - in org.apache.commons.lang.EntitiesTest
Running org.apache.commons.lang.enum.EnumUtilsTest
Tests run: 11, Failures: 0, Errors: 0, Skipped: 0, Time elapsed: 0.003 sec - in org.apache.commons.lang.enum.EnumUtilsTest
Running org.apache.commons.lang.enum.ValuedEnumTest
Tests run: 11, Failures: 0, Errors: 0, Skipped: 0, Time elapsed: 0.003 sec - in org.apache.commons.lang.enum.ValuedEnumTest
Running org.apache.commons.lang.enum.EnumTest
Tests run: 41, Failures: 0, Errors: 0, Skipped: 0, Time elapsed: 0.019 sec - in org.apache.commons.lang.enum.EnumTest
Running org.apache.commons.lang.ArrayUtilsAddTest
Tests run: 11, Failures: 0, Errors: 0, Skipped: 0, Time elapsed: 0.001 sec - in org.apache.commons.lang.ArrayUtilsAddTest
Running org.apache.commons.lang.NotImplementedExceptionTest
Tests run: 17, Failures: 0, Errors: 0, Skipped: 0, Time elapsed: 0.004 sec - in org.apache.commons.lang.NotImplementedExceptionTest
Running org.apache.commons.lang.WordUtilsTest
Tests run: 12, Failures: 0, Errors: 0, Skipped: 0, Time elapsed: 0.002 sec - in org.apache.commons.lang.WordUtilsTest
Running org.apache.commons.lang.IncompleteArgumentExceptionTest
Tests run: 6, Failures: 0, Errors: 0, Skipped: 0, Time elapsed: 0.001 sec - in org.apache.commons.lang.IncompleteArgumentExceptionTest
Running org.apache.commons.lang.LocaleUtilsTest
Tests run: 11, Failures: 1, Errors: 0, Skipped: 0, Time elapsed: 0.021 sec <<< FAILURE! - in org.apache.commons.lang.LocaleUtilsTest
testCountriesByLanguage(org.apache.commons.lang.LocaleUtilsTest)  Time elapsed: 0 sec  <<< FAILURE!
junit.framework.AssertionFailedError: expected:<4> but was:<5>
	at junit.framework.Assert.fail(Assert.java:47)
	at junit.framework.Assert.failNotEquals(Assert.java:282)
	at junit.framework.Assert.assertEquals(Assert.java:64)
	at junit.framework.Assert.assertEquals(Assert.java:201)
	at junit.framework.Assert.assertEquals(Assert.java:207)
	at org.apache.commons.lang.LocaleUtilsTest.assertCountriesByLanguage(LocaleUtilsTest.java:444)
	at org.apache.commons.lang.LocaleUtilsTest.testCountriesByLanguage(LocaleUtilsTest.java:474)

Running org.apache.commons.lang.StringUtilsTest

Tests run: 59, Failures: 0, Errors: 0, Skipped: 0, Time elapsed: 0.025 sec - in org.apache.commons.lang.StringUtilsTest
Running org.apache.commons.lang.NumberUtilsTest
Tests run: 19, Failures: 0, Errors: 0, Skipped: 0, Time elapsed: 0.003 sec - in org.apache.commons.lang.NumberUtilsTest
Running org.apache.commons.lang.builder.MultiLineToStringStyleTest
Tests run: 7, Failures: 0, Errors: 0, Skipped: 0, Time elapsed: 0.001 sec - in org.apache.commons.lang.builder.MultiLineToStringStyleTest
Running org.apache.commons.lang.builder.EqualsBuilderTest
Tests run: 44, Failures: 0, Errors: 0, Skipped: 0, Time elapsed: 0.008 sec - in org.apache.commons.lang.builder.EqualsBuilderTest
Running org.apache.commons.lang.builder.HashCodeBuilderTest
Tests run: 40, Failures: 0, Errors: 0, Skipped: 0, Time elapsed: 0.004 sec - in org.apache.commons.lang.builder.HashCodeBuilderTest
Running org.apache.commons.lang.builder.NoFieldNamesToStringStyleTest
Tests run: 7, Failures: 0, Errors: 0, Skipped: 0, Time elapsed: 0.001 sec - in org.apache.commons.lang.builder.NoFieldNamesToStringStyleTest
Running org.apache.commons.lang.builder.HashCodeBuilderAndEqualsBuilderTest
Tests run: 4, Failures: 0, Errors: 0, Skipped: 0, Time elapsed: 0.003 sec - in org.apache.commons.lang.builder.HashCodeBuilderAndEqualsBuilderTest
Running org.apache.commons.lang.builder.StandardToStringStyleTest
Tests run: 7, Failures: 0, Errors: 0, Skipped: 0, Time elapsed: 0.001 sec - in org.apache.commons.lang.builder.StandardToStringStyleTest
Running org.apache.commons.lang.builder.ShortPrefixToStringStyleTest
Tests run: 7, Failures: 0, Errors: 0, Skipped: 0, Time elapsed: 0.001 sec - in org.apache.commons.lang.builder.ShortPrefixToStringStyleTest
Running org.apache.commons.lang.builder.DefaultToStringStyleTest
Tests run: 7, Failures: 0, Errors: 0, Skipped: 0, Time elapsed: 0.001 sec - in org.apache.commons.lang.builder.DefaultToStringStyleTest
Running org.apache.commons.lang.builder.CompareToBuilderTest
Tests run: 47, Failures: 0, Errors: 0, Skipped: 0, Time elapsed: 0.006 sec - in org.apache.commons.lang.builder.CompareToBuilderTest
Running org.apache.commons.lang.builder.SimpleToStringStyleTest
Tests run: 7, Failures: 0, Errors: 0, Skipped: 0, Time elapsed: 0.001 sec - in org.apache.commons.lang.builder.SimpleToStringStyleTest
Running org.apache.commons.lang.builder.ToStringBuilderTest
Tests run: 69, Failures: 0, Errors: 0, Skipped: 0, Time elapsed: 0.017 sec - in org.apache.commons.lang.builder.ToStringBuilderTest
Running org.apache.commons.lang.builder.ReflectionToStringBuilderExcludeTest
Tests run: 11, Failures: 0, Errors: 0, Skipped: 0, Time elapsed: 0.001 sec - in org.apache.commons.lang.builder.ReflectionToStringBuilderExcludeTest
Running org.apache.commons.lang.builder.ToStringStyleTest
Tests run: 12, Failures: 0, Errors: 0, Skipped: 0, Time elapsed: 0.007 sec - in org.apache.commons.lang.builder.ToStringStyleTest
Running org.apache.commons.lang.CharEncodingTest
Tests run: 5, Failures: 0, Errors: 0, Skipped: 0, Time elapsed: 0.003 sec - in org.apache.commons.lang.CharEncodingTest
Running org.apache.commons.lang.CharUtilsTest
Tests run: 23, Failures: 0, Errors: 0, Skipped: 0, Time elapsed: 0.011 sec - in org.apache.commons.lang.CharUtilsTest

Results :

Failed tests: 
  org.apache.commons.lang.time.DurationFormatUtilsTest#testJiraLang281 ComparisonFailure
  org.apache.commons.lang.LocaleUtilsTest#testCountriesByLanguage AssertionFailedError

Tests run: 1671, Failures: 2, Errors: 0, Skipped: 0

[INFO] ------------------------------------------------------------------------
[INFO] BUILD FAILURE
[INFO] ------------------------------------------------------------------------
[INFO] Total time: 15.434 s
[INFO] Finished at: 2019-04-13T19:14:40+00:00
[INFO] Final Memory: 25M/720M
[INFO] ------------------------------------------------------------------------
[ERROR] Failed to execute goal org.apache.maven.plugins:maven-surefire-plugin:2.17:test (default-test) on project testL63: There are test failures.
[ERROR] 
[ERROR] Please refer to /home/jan_gerling/astor/test02/lang_63/target/surefire-reports for the individual test results.
[ERROR] -> [Help 1]
[ERROR] 
[ERROR] To see the full stack trace of the errors, re-run Maven with the -e switch.
[ERROR] Re-run Maven using the -X switch to enable full debug logging.
[ERROR] 
[ERROR] For more information about the errors and possible solutions, please read the following articles:
[ERROR] [Help 1] http://cwiki.apache.org/confluence/display/MAVEN/MojoFailureException
